-- The C compiler identification is Clang 13.0.0
-- The CXX compiler identification is Clang 13.0.0
-- Detecting C compiler ABI info
-- Detecting C compiler ABI info - done
-- Check for working C compiler: /usr/bin/clang - skipped
-- Detecting C compile features
-- Detecting C compile features - done
-- Detecting CXX compiler ABI info
-- Detecting CXX compiler ABI info - done
-- Check for working CXX compiler: /usr/bin/clang++ - skipped
-- Detecting CXX compile features
-- Detecting CXX compile features - done
-- Looking for C++ include filesystem
-- Looking for C++ include filesystem - found
-- Performing Test CXX_FILESYSTEM_NO_LINK_NEEDED
-- Performing Test CXX_FILESYSTEM_NO_LINK_NEEDED - Success
-- Looking for pthread.h
-- Looking for pthread.h - found
-- Performing Test CMAKE_HAVE_LIBC_PTHREAD
-- Performing Test CMAKE_HAVE_LIBC_PTHREAD - Success
-- Found Threads: TRUE  
-- Looking for mmap
-- Looking for mmap - found
-- Looking for C++ include pwd.h
-- Looking for C++ include pwd.h - found
-- Found ZLIB: /usr/lib64/libz.so (found version "1.2.11") 
-- Linker detection: GNU ld
-- Build spdlog: 1.9.0
-- Build type: Debug
-- The ASM-ATT compiler identification is GNU
-- Found assembler: /usr/bin/as
-- Configuring done
-- Generating done
-- Build files have been written to: /home/user/LFX/wasm_build
